<?xml version="1.0" encoding="UTF-8"?>
<coverage generated="1771309775948" clover="3.2.0">
  <project timestamp="1771309775949" name="All files">
    <metrics statements="32" coveredstatements="14" conditionals="24" coveredconditionals="13" methods="12" coveredmethods="9" elements="68" coveredelements="36" complexity="0" loc="32" ncloc="32" packages="1" files="2" classes="2"/>
    <file name="config.js" path="D:\Git\news-daily\lib\config.js">
      <metrics statements="7" coveredstatements="7" conditionals="12" coveredconditionals="11" methods="6" coveredmethods="6"/>
      <line num="1" count="1" type="stmt"/>
      <line num="2" count="1" type="stmt"/>
      <line num="4" count="1" type="stmt"/>
      <line num="6" count="1" type="stmt"/>
      <line num="15" count="1" type="cond" truecount="2" falsecount="0"/>
      <line num="16" count="1" type="cond" truecount="2" falsecount="0"/>
      <line num="17" count="1" type="cond" truecount="2" falsecount="0"/>
    </file>
    <file name="utils.js" path="D:\Git\news-daily\lib\utils.js">
      <metrics statements="25" coveredstatements="7" conditionals="12" coveredconditionals="2" methods="6" coveredmethods="3"/>
      <line num="1" count="1" type="stmt"/>
      <line num="2" count="1" type="stmt"/>
      <line num="3" count="1" type="stmt"/>
      <line num="6" count="0" type="stmt"/>
      <line num="7" count="0" type="stmt"/>
      <line num="11" count="1" type="stmt"/>
      <line num="15" count="2" type="cond" truecount="2" falsecount="0"/>
      <line num="16" count="1" type="stmt"/>
      <line num="22" count="0" type="cond" truecount="0" falsecount="2"/>
      <line num="23" count="0" type="stmt"/>
      <line num="24" count="0" type="stmt"/>
      <line num="27" count="0" type="stmt"/>
      <line num="29" count="0" type="cond" truecount="0" falsecount="2"/>
      <line num="31" count="0" type="stmt"/>
      <line num="35" count="0" type="stmt"/>
      <line num="36" count="0" type="stmt"/>
      <line num="42" count="0" type="cond" truecount="0" falsecount="2"/>
      <line num="44" count="0" type="stmt"/>
      <line num="45" count="0" type="cond" truecount="0" falsecount="2"/>
      <line num="47" count="0" type="stmt"/>
      <line num="50" count="0" type="stmt"/>
      <line num="57" count="0" type="cond" truecount="0" falsecount="2"/>
      <line num="58" count="0" type="stmt"/>
      <line num="59" count="0" type="stmt"/>
      <line num="62" count="1" type="stmt"/>
    </file>
  </project>
</coverage>
