{"D:\\Git\\news-daily\\lib\\config.js": {"path":"D:\\Git\\news-daily\\lib\\config.js","statementMap":{"0":{"start":{"line":1,"column":0},"end":{"line":1,"column":27}},"1":{"start":{"line":2,"column":13},"end":{"line":2,"column":28}},"2":{"start":{"line":4,"column":16},"end":{"line":4,"column":45}},"3":{"start":{"line":6,"column":0},"end":{"line":42,"column":2}},"4":{"start":{"line":15,"column":66},"end":{"line":15,"column":74}},"5":{"start":{"line":15,"column":88},"end":{"line":15,"column":89}},"6":{"start":{"line":16,"column":67},"end":{"line":16,"column":92}},"7":{"start":{"line":16,"column":106},"end":{"line":16,"column":125}},"8":{"start":{"line":17,"column":75},"end":{"line":17,"column":100}},"9":{"start":{"line":17,"column":114},"end":{"line":17,"column":133}}},"fnMap":{"0":{"name":"(anonymous_0)","decl":{"start":{"line":15,"column":61},"end":{"line":15,"column":62}},"loc":{"start":{"line":15,"column":66},"end":{"line":15,"column":74}},"line":15},"1":{"name":"(anonymous_1)","decl":{"start":{"line":15,"column":83},"end":{"line":15,"column":84}},"loc":{"start":{"line":15,"column":88},"end":{"line":15,"column":89}},"line":15},"2":{"name":"(anonymous_2)","decl":{"start":{"line":16,"column":62},"end":{"line":16,"column":63}},"loc":{"start":{"line":16,"column":67},"end":{"line":16,"column":92}},"line":16},"3":{"name":"(anonymous_3)","decl":{"start":{"line":16,"column":101},"end":{"line":16,"column":102}},"loc":{"start":{"line":16,"column":106},"end":{"line":16,"column":125}},"line":16},"4":{"name":"(anonymous_4)","decl":{"start":{"line":17,"column":70},"end":{"line":17,"column":71}},"loc":{"start":{"line":17,"column":75},"end":{"line":17,"column":100}},"line":17},"5":{"name":"(anonymous_5)","decl":{"start":{"line":17,"column":109},"end":{"line":17,"column":110}},"loc":{"start":{"line":17,"column":114},"end":{"line":17,"column":133}},"line":17}},"branchMap":{"0":{"loc":{"start":{"line":10,"column":21},"end":{"line":10,"column":84}},"type":"binary-expr","locations":[{"start":{"line":10,"column":21},"end":{"line":10,"column":54}},{"start":{"line":10,"column":58},"end":{"line":10,"column":84}}],"line":10},"1":{"loc":{"start":{"line":14,"column":13},"end":{"line":14,"column":81}},"type":"cond-expr","locations":[{"start":{"line":14,"column":40},"end":{"line":14,"column":76}},{"start":{"line":14,"column":79},"end":{"line":14,"column":81}}],"line":14},"2":{"loc":{"start":{"line":15,"column":18},"end":{"line":15,"column":44}},"type":"binary-expr","locations":[{"start":{"line":15,"column":18},"end":{"line":15,"column":38}},{"start":{"line":15,"column":42},"end":{"line":15,"column":44}}],"line":15},"3":{"loc":{"start":{"line":16,"column":19},"end":{"line":16,"column":45}},"type":"binary-expr","locations":[{"start":{"line":16,"column":19},"end":{"line":16,"column":39}},{"start":{"line":16,"column":43},"end":{"line":16,"column":45}}],"line":16},"4":{"loc":{"start":{"line":17,"column":19},"end":{"line":17,"column":53}},"type":"binary-expr","locations":[{"start":{"line":17,"column":19},"end":{"line":17,"column":47}},{"start":{"line":17,"column":51},"end":{"line":17,"column":53}}],"line":17},"5":{"loc":{"start":{"line":35,"column":13},"end":{"line":35,"column":88}},"type":"binary-expr","locations":[{"start":{"line":35,"column":13},"end":{"line":35,"column":44}},{"start":{"line":35,"column":48},"end":{"line":35,"column":88}}],"line":35}},"s":{"0":1,"1":1,"2":1,"3":1,"4":1,"5":1,"6":1,"7":1,"8":1,"9":1},"f":{"0":1,"1":1,"2":1,"3":1,"4":1,"5":1},"b":{"0":[1,1],"1":[0,1],"2":[1,1],"3":[1,1],"4":[1,1],"5":[1,1]},"_coverageSchema":"1a1c01bbd47fc00a2c39e90264f33305004495a9","hash":"04eafe3b9b682fb7507fa150b719c992130d06a1"}
,"D:\\Git\\news-daily\\lib\\utils.js": {"path":"D:\\Git\\news-daily\\lib\\utils.js","statementMap":{"0":{"start":{"line":1,"column":14},"end":{"line":1,"column":30}},"1":{"start":{"line":2,"column":11},"end":{"line":2,"column":24}},"2":{"start":{"line":3,"column":27},"end":{"line":3,"column":46}},"3":{"start":{"line":6,"column":17},"end":{"line":6,"column":74}},"4":{"start":{"line":7,"column":4},"end":{"line":7,"column":48}},"5":{"start":{"line":11,"column":4},"end":{"line":11,"column":59}},"6":{"start":{"line":11,"column":34},"end":{"line":11,"column":57}},"7":{"start":{"line":15,"column":4},"end":{"line":17,"column":5}},"8":{"start":{"line":16,"column":8},"end":{"line":16,"column":51}},"9":{"start":{"line":22,"column":4},"end":{"line":25,"column":5}},"10":{"start":{"line":23,"column":8},"end":{"line":23,"column":53}},"11":{"start":{"line":24,"column":8},"end":{"line":24,"column":15}},"12":{"start":{"line":27,"column":4},"end":{"line":52,"column":5}},"13":{"start":{"line":29,"column":23},"end":{"line":29,"column":61}},"14":{"start":{"line":31,"column":8},"end":{"line":37,"column":9}},"15":{"start":{"line":35,"column":12},"end":{"line":35,"column":65}},"16":{"start":{"line":36,"column":12},"end":{"line":36,"column":30}},"17":{"start":{"line":42,"column":8},"end":{"line":51,"column":9}},"18":{"start":{"line":44,"column":12},"end":{"line":44,"column":103}},"19":{"start":{"line":45,"column":15},"end":{"line":51,"column":9}},"20":{"start":{"line":47,"column":12},"end":{"line":47,"column":80}},"21":{"start":{"line":50,"column":12},"end":{"line":50,"column":51}},"22":{"start":{"line":57,"column":4},"end":{"line":57,"column":32}},"23":{"start":{"line":57,"column":25},"end":{"line":57,"column":32}},"24":{"start":{"line":58,"column":20},"end":{"line":58,"column":70}},"25":{"start":{"line":59,"column":4},"end":{"line":59,"column":31}},"26":{"start":{"line":62,"column":0},"end":{"line":62,"column":74}}},"fnMap":{"0":{"name":"log","decl":{"start":{"line":5,"column":9},"end":{"line":5,"column":12}},"loc":{"start":{"line":5,"column":28},"end":{"line":8,"column":1}},"line":5},"1":{"name":"sleep","decl":{"start":{"line":10,"column":9},"end":{"line":10,"column":14}},"loc":{"start":{"line":10,"column":19},"end":{"line":12,"column":1}},"line":10},"2":{"name":"(anonymous_2)","decl":{"start":{"line":11,"column":23},"end":{"line":11,"column":24}},"loc":{"start":{"line":11,"column":34},"end":{"line":11,"column":57}},"line":11},"3":{"name":"ensureDir","decl":{"start":{"line":14,"column":9},"end":{"line":14,"column":18}},"loc":{"start":{"line":14,"column":28},"end":{"line":18,"column":1}},"line":14},"4":{"name":"sendDiscord","decl":{"start":{"line":20,"column":15},"end":{"line":20,"column":26}},"loc":{"start":{"line":20,"column":36},"end":{"line":53,"column":1}},"line":20},"5":{"name":"sendDiscordError","decl":{"start":{"line":56,"column":15},"end":{"line":56,"column":31}},"loc":{"start":{"line":56,"column":42},"end":{"line":60,"column":1}},"line":56}},"branchMap":{"0":{"loc":{"start":{"line":15,"column":4},"end":{"line":17,"column":5}},"type":"if","locations":[{"start":{"line":15,"column":4},"end":{"line":17,"column":5}},{"start":{},"end":{}}],"line":15},"1":{"loc":{"start":{"line":22,"column":4},"end":{"line":25,"column":5}},"type":"if","locations":[{"start":{"line":22,"column":4},"end":{"line":25,"column":5}},{"start":{},"end":{}}],"line":22},"2":{"loc":{"start":{"line":29,"column":23},"end":{"line":29,"column":61}},"type":"binary-expr","locations":[{"start":{"line":29,"column":23},"end":{"line":29,"column":55}},{"start":{"line":29,"column":59},"end":{"line":29,"column":61}}],"line":29},"3":{"loc":{"start":{"line":42,"column":8},"end":{"line":51,"column":9}},"type":"if","locations":[{"start":{"line":42,"column":8},"end":{"line":51,"column":9}},{"start":{"line":45,"column":15},"end":{"line":51,"column":9}}],"line":42},"4":{"loc":{"start":{"line":45,"column":15},"end":{"line":51,"column":9}},"type":"if","locations":[{"start":{"line":45,"column":15},"end":{"line":51,"column":9}},{"start":{"line":48,"column":15},"end":{"line":51,"column":9}}],"line":45},"5":{"loc":{"start":{"line":57,"column":4},"end":{"line":57,"column":32}},"type":"if","locations":[{"start":{"line":57,"column":4},"end":{"line":57,"column":32}},{"start":{},"end":{}}],"line":57}},"s":{"0":1,"1":1,"2":1,"3":0,"4":0,"5":1,"6":1,"7":2,"8":1,"9":0,"10":0,"11":0,"12":0,"13":0,"14":0,"15":0,"16":0,"17":0,"18":0,"19":0,"20":0,"21":0,"22":0,"23":0,"24":0,"25":0,"26":1},"f":{"0":0,"1":1,"2":1,"3":2,"4":0,"5":0},"b":{"0":[1,1],"1":[0,0],"2":[0,0],"3":[0,0],"4":[0,0],"5":[0,0]},"_coverageSchema":"1a1c01bbd47fc00a2c39e90264f33305004495a9","hash":"3436fd8ab79e3e8aa889cca1ea024a0844b2ea37"}
}
