TN:
SF:lib\config.js
FN:15,(anonymous_0)
FN:15,(anonymous_1)
FN:16,(anonymous_2)
FN:16,(anonymous_3)
FN:17,(anonymous_4)
FN:17,(anonymous_5)
FNF:6
FNH:6
FNDA:1,(anonymous_0)
FNDA:1,(anonymous_1)
FNDA:1,(anonymous_2)
FNDA:1,(anonymous_3)
FNDA:1,(anonymous_4)
FNDA:1,(anonymous_5)
DA:1,1
DA:2,1
DA:4,1
DA:6,1
DA:15,1
DA:16,1
DA:17,1
LF:7
LH:7
BRDA:10,0,0,1
BRDA:10,0,1,1
BRDA:14,1,0,0
BRDA:14,1,1,1
BRDA:15,2,0,1
BRDA:15,2,1,1
BRDA:16,3,0,1
BRDA:16,3,1,1
BRDA:17,4,0,1
BRDA:17,4,1,1
BRDA:35,5,0,1
BRDA:35,5,1,1
BRF:12
BRH:11
end_of_record
TN:
SF:lib\utils.js
FN:5,log
FN:10,sleep
FN:11,(anonymous_2)
FN:14,ensureDir
FN:20,sendDiscord
FN:56,sendDiscordError
FNF:6
FNH:3
FNDA:0,log
FNDA:1,sleep
FNDA:1,(anonymous_2)
FNDA:2,ensureDir
FNDA:0,sendDiscord
FNDA:0,sendDiscordError
DA:1,1
DA:2,1
DA:3,1
DA:6,0
DA:7,0
DA:11,1
DA:15,2
DA:16,1
DA:22,0
DA:23,0
DA:24,0
DA:27,0
DA:29,0
DA:31,0
DA:35,0
DA:36,0
DA:42,0
DA:44,0
DA:45,0
DA:47,0
DA:50,0
DA:57,0
DA:58,0
DA:59,0
DA:62,1
LF:25
LH:7
BRDA:15,0,0,1
BRDA:15,0,1,1
BRDA:22,1,0,0
BRDA:22,1,1,0
BRDA:29,2,0,0
BRDA:29,2,1,0
BRDA:42,3,0,0
BRDA:42,3,1,0
BRDA:45,4,0,0
BRDA:45,4,1,0
BRDA:57,5,0,0
BRDA:57,5,1,0
BRF:12
BRH:2
end_of_record
